This file contains any messages produced by compilers while
running configure, to aid debugging if configure makes a mistake.

It was created by configure, which was
generated by GNU Autoconf 2.57.  Invocation command line was

  $ ./configure --build=pentiumpro

## --------- ##
## Platform. ##
## --------- ##

hostname = alex-VirtualBox
uname -m = x86_64
uname -r = 4.10.0-26-generic
uname -s = Linux
uname -v = #30-Ubuntu SMP Tue Jun 27 09:30:12 UTC 2017

/usr/bin/uname -p = unknown
/bin/uname -X     = unknown

/bin/arch              = unknown
/usr/bin/arch -k       = unknown
/usr/convex/getsysinfo = unknown
hostinfo               = unknown
/bin/machine           = unknown
/usr/bin/oslevel       = unknown
/bin/universe          = unknown

PATH: /usr/local/sbin
PATH: /usr/local/bin
PATH: /usr/sbin
PATH: /usr/bin
PATH: /sbin
PATH: /bin
PATH: /usr/games
PATH: /usr/local/games
PATH: /snap/bin
PATH: /home/alex/gcc6/bin


## ----------- ##
## Core tests. ##
## ----------- ##

configure:1360: checking for gcc
configure:1376: found /usr/bin/gcc
configure:1386: result: gcc
configure:1630: checking for C compiler version
configure:1633: gcc --version </dev/null >&5
gcc (Ubuntu 6.3.0-12ubuntu2) 6.3.0 20170406
Copyright (C) 2016 Free Software Foundation, Inc.
This is free software; see the source for copying conditions.  There is NO
warranty; not even for MERCHANTABILITY or FITNESS FOR A PARTICULAR PURPOSE.

configure:1636: $? = 0
configure:1638: gcc -v </dev/null >&5
Using built-in specs.
COLLECT_GCC=gcc
COLLECT_LTO_WRAPPER=/usr/lib/gcc/x86_64-linux-gnu/6/lto-wrapper
Target: x86_64-linux-gnu
Configured with: ../src/configure -v --with-pkgversion='Ubuntu 6.3.0-12ubuntu2' --with-bugurl=file:///usr/share/doc/gcc-6/README.Bugs --enable-languages=c,ada,c++,java,go,d,fortran,objc,obj-c++ --prefix=/usr --program-suffix=-6 --program-prefix=x86_64-linux-gnu- --enable-shared --enable-linker-build-id --libexecdir=/usr/lib --without-included-gettext --enable-threads=posix --libdir=/usr/lib --enable-nls --with-sysroot=/ --enable-clocale=gnu --enable-libstdcxx-debug --enable-libstdcxx-time=yes --with-default-libstdcxx-abi=new --enable-gnu-unique-object --disable-vtable-verify --enable-libmpx --enable-plugin --enable-default-pie --with-system-zlib --disable-browser-plugin --enable-java-awt=gtk --enable-gtk-cairo --with-java-home=/usr/lib/jvm/java-1.5.0-gcj-6-amd64/jre --enable-java-home --with-jvm-root-dir=/usr/lib/jvm/java-1.5.0-gcj-6-amd64 --with-jvm-jar-dir=/usr/lib/jvm-exports/java-1.5.0-gcj-6-amd64 --with-arch-directory=amd64 --with-ecj-jar=/usr/share/java/eclipse-ecj.jar --with-target-system-zlib --enable-objc-gc=auto --enable-multiarch --disable-werror --with-arch-32=i686 --with-abi=m64 --with-multilib-list=m32,m64,mx32 --enable-multilib --with-tune=generic --enable-checking=release --build=x86_64-linux-gnu --host=x86_64-linux-gnu --target=x86_64-linux-gnu
Thread model: posix
gcc version 6.3.0 20170406 (Ubuntu 6.3.0-12ubuntu2) 
configure:1641: $? = 0
configure:1643: gcc -V </dev/null >&5
gcc: error: unrecognized command line option '-V'
gcc: fatal error: no input files
compilation terminated.
configure:1646: $? = 1
configure:1670: checking for C compiler default output
configure:1673: gcc    conftest.c  >&5
configure:1676: $? = 0
configure:1722: result: a.out
configure:1727: checking whether the C compiler works
configure:1733: ./a.out
configure:1736: $? = 0
configure:1753: result: yes
configure:1760: checking whether we are cross compiling
configure:1762: result: no
configure:1765: checking for suffix of executables
configure:1767: gcc -o conftest    conftest.c  >&5
configure:1770: $? = 0
configure:1795: result: 
configure:1801: checking for suffix of object files
configure:1823: gcc -c   conftest.c >&5
configure:1826: $? = 0
configure:1848: result: o
configure:1852: checking whether we are using the GNU C compiler
configure:1877: gcc -c   conftest.c >&5
configure:1880: $? = 0
configure:1883: test -s conftest.o
configure:1886: $? = 0
configure:1899: result: yes
configure:1905: checking whether gcc accepts -g
configure:1927: gcc -c -g  conftest.c >&5
configure:1930: $? = 0
configure:1933: test -s conftest.o
configure:1936: $? = 0
configure:1947: result: yes
configure:1964: checking for gcc option to accept ANSI C
configure:2025: gcc  -c -g -O2  conftest.c >&5
configure:2028: $? = 0
configure:2031: test -s conftest.o
configure:2034: $? = 0
configure:2052: result: none needed
configure:2070: gcc -c -g -O2  conftest.c >&5
conftest.c:2:3: error: unknown type name 'choke'
   choke me
   ^~~~~
conftest.c:2:3: error: expected '=', ',', ';', 'asm' or '__attribute__' at end of input
configure:2073: $? = 1
configure: failed program was:
| #ifndef __cplusplus
|   choke me
| #endif
configure:2233: checking for g++
configure:2249: found /usr/bin/g++
configure:2259: result: g++
configure:2275: checking for C++ compiler version
configure:2278: g++ --version </dev/null >&5
g++ (Ubuntu 6.3.0-12ubuntu2) 6.3.0 20170406
Copyright (C) 2016 Free Software Foundation, Inc.
This is free software; see the source for copying conditions.  There is NO
warranty; not even for MERCHANTABILITY or FITNESS FOR A PARTICULAR PURPOSE.

configure:2281: $? = 0
configure:2283: g++ -v </dev/null >&5
Using built-in specs.
COLLECT_GCC=g++
COLLECT_LTO_WRAPPER=/usr/lib/gcc/x86_64-linux-gnu/6/lto-wrapper
Target: x86_64-linux-gnu
Configured with: ../src/configure -v --with-pkgversion='Ubuntu 6.3.0-12ubuntu2' --with-bugurl=file:///usr/share/doc/gcc-6/README.Bugs --enable-languages=c,ada,c++,java,go,d,fortran,objc,obj-c++ --prefix=/usr --program-suffix=-6 --program-prefix=x86_64-linux-gnu- --enable-shared --enable-linker-build-id --libexecdir=/usr/lib --without-included-gettext --enable-threads=posix --libdir=/usr/lib --enable-nls --with-sysroot=/ --enable-clocale=gnu --enable-libstdcxx-debug --enable-libstdcxx-time=yes --with-default-libstdcxx-abi=new --enable-gnu-unique-object --disable-vtable-verify --enable-libmpx --enable-plugin --enable-default-pie --with-system-zlib --disable-browser-plugin --enable-java-awt=gtk --enable-gtk-cairo --with-java-home=/usr/lib/jvm/java-1.5.0-gcj-6-amd64/jre --enable-java-home --with-jvm-root-dir=/usr/lib/jvm/java-1.5.0-gcj-6-amd64 --with-jvm-jar-dir=/usr/lib/jvm-exports/java-1.5.0-gcj-6-amd64 --with-arch-directory=amd64 --with-ecj-jar=/usr/share/java/eclipse-ecj.jar --with-target-system-zlib --enable-objc-gc=auto --enable-multiarch --disable-werror --with-arch-32=i686 --with-abi=m64 --with-multilib-list=m32,m64,mx32 --enable-multilib --with-tune=generic --enable-checking=release --build=x86_64-linux-gnu --host=x86_64-linux-gnu --target=x86_64-linux-gnu
Thread model: posix
gcc version 6.3.0 20170406 (Ubuntu 6.3.0-12ubuntu2) 
configure:2286: $? = 0
configure:2288: g++ -V </dev/null >&5
g++: error: unrecognized command line option '-V'
g++: fatal error: no input files
compilation terminated.
configure:2291: $? = 1
configure:2294: checking whether we are using the GNU C++ compiler
configure:2319: g++ -c   conftest.cc >&5
configure:2322: $? = 0
configure:2325: test -s conftest.o
configure:2328: $? = 0
configure:2341: result: yes
configure:2347: checking whether g++ accepts -g
configure:2369: g++ -c -g  conftest.cc >&5
configure:2372: $? = 0
configure:2375: test -s conftest.o
configure:2378: $? = 0
configure:2389: result: yes
configure:2432: g++ -c -g -O2  conftest.cc >&5
configure:2435: $? = 0
configure:2438: test -s conftest.o
configure:2441: $? = 0
configure:2468: g++ -c -g -O2  conftest.cc >&5
configure: In function 'int main()':
configure:2463:9: error: 'exit' was not declared in this scope
   ;
         ^
configure:2471: $? = 1
configure: failed program was:
| #line 2451 "configure"
| /* confdefs.h.  */
| 
| #define PACKAGE_NAME ""
| #define PACKAGE_TARNAME ""
| #define PACKAGE_VERSION ""
| #define PACKAGE_STRING ""
| #define PACKAGE_BUGREPORT ""
| /* end confdefs.h.  */
| 
| int
| main ()
| {
| exit (42);
|   ;
|   return 0;
| }
configure:2432: g++ -c -g -O2  conftest.cc >&5
configure:2435: $? = 0
configure:2438: test -s conftest.o
configure:2441: $? = 0
configure:2468: g++ -c -g -O2  conftest.cc >&5
configure:2471: $? = 0
configure:2474: test -s conftest.o
configure:2477: $? = 0
configure:2512: checking for a BSD-compatible install
configure:2566: result: /usr/bin/install -c
configure:2583: checking build system type
configure:2601: result: i686-pc-none
configure:2609: checking host system type
configure:2623: result: i686-pc-none
configure:2631: checking whether ln -s works
configure:2635: result: yes
configure:2644: checking for main in -ldl
configure:2669: gcc -o conftest -g -O2   conftest.c -ldl   >&5
configure:2672: $? = 0
configure:2675: test -s conftest
configure:2678: $? = 0
configure:2690: result: yes
configure:2698: checking for main in -lm
configure:2723: gcc -o conftest -g -O2   conftest.c -lm   >&5
configure:2726: $? = 0
configure:2729: test -s conftest
configure:2732: $? = 0
configure:2744: result: yes
configure:2752: checking for main in -lncurses
configure:2777: gcc -o conftest -g -O2   conftest.c -lncurses   >&5
configure:2780: $? = 0
configure:2783: test -s conftest
configure:2786: $? = 0
configure:2798: result: yes
configure:2806: checking for main in -lpthread
configure:2831: gcc -o conftest -g -O2   conftest.c -lpthread   >&5
configure:2834: $? = 0
configure:2837: test -s conftest
configure:2840: $? = 0
configure:2852: result: yes
configure:2860: checking for main in -lz
configure:2885: gcc -o conftest -g -O2   conftest.c -lz   >&5
configure:2888: $? = 0
configure:2891: test -s conftest
configure:2894: $? = 0
configure:2906: result: yes
configure:3115: checking for perl5
configure:3148: result: no
configure:3115: checking for perl
configure:3133: found /usr/bin/perl
configure:3145: result: /usr/bin/perl
configure:3167: checking for perl version
configure:3177: result: 5.024001
configure:3242: checking for python
configure:3260: found /usr/bin/python
configure:3272: result: /usr/bin/python
configure:3309: checking if the flag -fno-rtti is supported by the system compiler
configure:3331: gcc -c -fno-rtti  conftest.c >&5
cc1: warning: command line option '-fno-rtti' is valid for C++/ObjC++ but not for C
configure:3334: $? = 0
configure:3337: test -s conftest.o
configure:3340: $? = 0
configure:3352: result: yes
configure:3369: checking if the flag -fno-exceptions is supported by the system compiler
configure:3391: gcc -c -fno-exceptions  conftest.c >&5
configure:3394: $? = 0
configure:3397: test -s conftest.o
configure:3400: $? = 0
configure:3412: result: yes
configure:3476: checking for rm
configure:3494: found /bin/rm
configure:3507: result: /bin/rm
configure:3516: checking for find
configure:3534: found /usr/bin/find
configure:3547: result: /usr/bin/find
configure:3556: checking for xargs
configure:3574: found /usr/bin/xargs
configure:3587: result: /usr/bin/xargs
configure:3596: checking for ctags
configure:3614: found /usr/bin/ctags
configure:3627: result: /usr/bin/ctags
configure:3636: checking for echo
configure:3654: found /bin/echo
configure:3667: result: /bin/echo
configure:3842: creating ./config.status

## ---------------------- ##
## Running config.status. ##
## ---------------------- ##

This file was extended by config.status, which was
generated by GNU Autoconf 2.57.  Invocation command line was

  CONFIG_FILES    = 
  CONFIG_HEADERS  = 
  CONFIG_LINKS    = 
  CONFIG_COMMANDS = 
  $ ./config.status 

on alex-VirtualBox

config.status:652: creating Makefile
config.status:652: creating VERSION
config.status:652: creating admin/Makefile
config.status:652: creating doc/mcl.spec
config.status:652: creating h/config.h

## ---------------- ##
## Cache variables. ##
## ---------------- ##

ac_cv_build=i686-pc-none
ac_cv_build_alias=pentiumpro
ac_cv_c_compiler_gnu=yes
ac_cv_cxx_compiler_gnu=yes
ac_cv_env_CC_set=
ac_cv_env_CC_value=
ac_cv_env_CFLAGS_set=
ac_cv_env_CFLAGS_value=
ac_cv_env_CPPFLAGS_set=
ac_cv_env_CPPFLAGS_value=
ac_cv_env_CXXFLAGS_set=
ac_cv_env_CXXFLAGS_value=
ac_cv_env_CXX_set=
ac_cv_env_CXX_value=
ac_cv_env_LDFLAGS_set=
ac_cv_env_LDFLAGS_value=
ac_cv_env_build_alias_set=set
ac_cv_env_build_alias_value=pentiumpro
ac_cv_env_host_alias_set=
ac_cv_env_host_alias_value=
ac_cv_env_target_alias_set=
ac_cv_env_target_alias_value=
ac_cv_exeext=
ac_cv_flag_no_exceptions=yes
ac_cv_flag_no_rtti=yes
ac_cv_host=i686-pc-none
ac_cv_host_alias=pentiumpro
ac_cv_lib_dl_main=yes
ac_cv_lib_m_main=yes
ac_cv_lib_ncurses_main=yes
ac_cv_lib_pthread_main=yes
ac_cv_lib_z_main=yes
ac_cv_objext=o
ac_cv_path_CTAGS=/usr/bin/ctags
ac_cv_path_ECHO=/bin/echo
ac_cv_path_FIND=/usr/bin/find
ac_cv_path_PERL=/usr/bin/perl
ac_cv_path_PYTHON=/usr/bin/python
ac_cv_path_RM=/bin/rm
ac_cv_path_XARGS=/usr/bin/xargs
ac_cv_path_install='/usr/bin/install -c'
ac_cv_prog_ac_ct_CC=gcc
ac_cv_prog_ac_ct_CXX=g++
ac_cv_prog_cc_g=yes
ac_cv_prog_cc_stdc=
ac_cv_prog_cxx_g=yes

## ----------------- ##
## Output variables. ##
## ----------------- ##

CC='gcc'
CFLAGS='-O2'
COMPILED_BY='alex@alex-VirtualBox'
CPPFLAGS=''
CTAGS='/usr/bin/ctags'
CXX='g++'
CXXFLAGS='-O2'
DEFS='-DPACKAGE_NAME=\"\" -DPACKAGE_TARNAME=\"\" -DPACKAGE_VERSION=\"\" -DPACKAGE_STRING=\"\" -DPACKAGE_BUGREPORT=\"\" '
ECHO='/bin/echo'
ECHO_C=''
ECHO_N='-n'
ECHO_T=''
EXEEXT=''
FIND='/usr/bin/find'
HAVE_FLAG_NO_EXCEPTIONS='-fno-exceptions'
HAVE_FLAG_NO_RTTI='-fno-rtti'
INSTALL_DATA='${INSTALL} -m 644'
INSTALL_PROGRAM='${INSTALL}'
INSTALL_ROOT=''
INSTALL_SCRIPT='${INSTALL}'
LDFLAGS='-s'
LIBDL='-ldl'
LIBEFENCE=''
LIBM='-lm'
LIBNCURSES='-lncurses'
LIBOBJS=''
LIBPTHREAD='-lpthread'
LIBS=''
LIBZ='-lz'
LN_S='ln -s'
LOCAL_CFLAGS=''
LOCAL_CPPFLAGS='-Ih'
LOCAL_CXXFLAGS=''
LOCAL_LDFLAGS=''
LOCAL_LIBS=''
LTLIBOBJS=''
MCL_VERSION1='5300'
MCL_VERSION2='0.53.00'
OBJEXT='o'
PACKAGE='mcl'
PACKAGE_BUGREPORT=''
PACKAGE_NAME=''
PACKAGE_STRING=''
PACKAGE_TARNAME=''
PACKAGE_VERSION=''
PATH_SEPARATOR=':'
PERL='/usr/bin/perl'
PERL_CPPFLAGS=' -I/usr/lib/x86_64-linux-gnu/perl/5.24/CORE '
PERL_LDFLAGS='-Wl,-E  -fstack-protector-strong -L/usr/local/lib  -L/usr/lib/x86_64-linux-gnu/perl/5.24/CORE -lperl -ldl -lm -lpthread -lc -lcrypt'
PYTHON='/usr/bin/python'
PYTHON_CPPFLAGS='-I/usr/include/python2.7'
PYTHON_LDFLAGS='-L/usr/lib/python2.7/config -lpython2.7'
RM='/bin/rm'
SHELL='/bin/bash'
WITH_PERL='perl'
WITH_PYTHON='python'
XARGS='/usr/bin/xargs'
ac_ct_CC='gcc'
ac_ct_CXX='g++'
bindir='${exec_prefix}/bin'
build='i686-pc-none'
build_alias='pentiumpro'
build_cpu='i686'
build_os='none'
build_vendor='pc'
datadir='${prefix}/share'
exec_prefix='${prefix}'
host='i686-pc-none'
host_alias=''
host_cpu='i686'
host_os='none'
host_vendor='pc'
includedir='${prefix}/include'
infodir='${prefix}/info'
libdir='${exec_prefix}/lib'
libexecdir='${exec_prefix}/libexec'
localstatedir='${prefix}/var'
mandir='${prefix}/man'
oldincludedir='/usr/include'
prefix='/usr/local'
program_transform_name='s,x,x,'
sbindir='${exec_prefix}/sbin'
sharedstatedir='${prefix}/com'
sysconfdir='${prefix}/etc'
target_alias=''

## ----------- ##
## confdefs.h. ##
## ----------- ##

#define PACKAGE_BUGREPORT ""
#define PACKAGE_NAME ""
#define PACKAGE_STRING ""
#define PACKAGE_TARNAME ""
#define PACKAGE_VERSION ""
#endif
#ifdef __cplusplus
extern "C" void std::exit (int) throw (); using std::exit;

configure: exit 0
